<?xml version="1.0" encoding="UTF-8"?>
<testsuite name="storeclasscorrigido.ListaCompraClassTest" tests="1" skipped="0" failures="0" errors="0" timestamp="2022-08-25T16:14:19" hostname="JULIANO" time="0.028">
  <properties/>
  <testcase name="removeCompraTest()" classname="storeclasscorrigido.ListaCompraClassTest" time="0.028"/>
  <system-out><![CDATA[Produto adicionado com sucesso!
Produto adicionado com sucesso!
Produto adicionado com sucesso!
Produto adicionado com sucesso!
Produto Inválido
Produto removido com sucesso!
]]></system-out>
  <system-err><![CDATA[]]></system-err>
</testsuite>
